[2026-05-01 23:24:33] xp-gain called: skill=pattern-recognition gain=5 reason=Testing full system
[2026-05-01 23:24:43] xp-gain called: skill=pattern-recognition gain=5 reason=Testing full system
[2026-05-01 23:24:48] xp-gain completed successfully
[2026-05-01 23:24:52] xp-gain called: skill=system gain=5 reason=Auto-tracked from commit: FEAT: Full auto leveling v2 - health, streaks, history, daily bonus, debug log
[2026-05-01 23:24:52] LEVEL UP: system 9 → 10
[2026-05-01 23:24:56] xp-gain completed successfully
[2026-05-01 23:24:56] xp-gain called: skill=system gain=3 reason=Auto-tracked: scripts updated
[2026-05-01 23:25:00] xp-gain completed successfully
[2026-05-01 23:25:00] xp-gain called: skill=pattern-recognition gain=1 reason=Auto: commit analysis
[2026-05-01 23:25:04] xp-gain completed successfully
[2026-05-01 23:30:17] xp-gain called: skill=pattern-recognition gain=3 reason=Full output test
[2026-05-01 23:30:21] xp-gain completed successfully
[2026-05-01 23:30:26] xp-gain called: skill=system gain=5 reason=Auto-tracked from commit: TEST: Full output in reply
[2026-05-01 23:30:31] xp-gain completed successfully
[2026-05-01 23:30:31] xp-gain called: skill=pattern-recognition gain=1 reason=Auto: commit analysis
[2026-05-01 23:30:35] xp-gain completed successfully
[2026-05-01 23:33:16] xp-gain called: skill=system gain=10 reason=Testing dynamic max expansion
[2026-05-01 23:33:16] DYNAMIC MAX EXPANDED: system from 10 to 11
[2026-05-01 23:33:20] xp-gain completed successfully
[2026-05-01 23:33:52] xp-gain called: skill=system gain=15 reason=Dynamic max expand test
[2026-05-01 23:33:52] DYNAMIC MAX EXPANDED: system from 10 to 11
[2026-05-01 23:33:56] xp-gain completed successfully
[2026-05-01 23:34:38] xp-gain called: skill=system gain=5 reason=Verify dynamic max shows
[2026-05-01 23:34:38] LEVEL UP: system 10 → 11
[2026-05-01 23:34:42] xp-gain completed successfully
[2026-05-01 23:34:56] xp-gain called: skill=system gain=5 reason=Auto-tracked from commit: FIX: Dynamic max now expands when hitting limit
[2026-05-01 23:34:56] DYNAMIC MAX EXPANDED: system from 11 to 12
[2026-05-01 23:35:01] xp-gain completed successfully
[2026-05-01 23:35:01] xp-gain called: skill=system gain=3 reason=Auto-tracked: scripts updated
[2026-05-01 23:35:02] LEVEL UP: system 11 → 12
[2026-05-01 23:35:05] xp-gain completed successfully
[2026-05-01 23:35:05] xp-gain called: skill=pattern-recognition gain=1 reason=Auto: commit analysis
[2026-05-01 23:35:05] DYNAMIC MAX EXPANDED: pattern-recognition from 9 to 10
[2026-05-01 23:35:10] xp-gain completed successfully
[2026-05-01 23:46:25] xp-gain called: skill=system gain=5 reason=Testing content-based max
[2026-05-01 23:46:25] LEVEL UP: system 12 → 13
[2026-05-01 23:46:32] xp-gain completed successfully
[2026-05-01 23:46:36] xp-gain called: skill=learning gain=5 reason=Auto-tracked from commit: FIX: Dynamic max based on REAL skill content (sections, subsections, lines)
[2026-05-01 23:46:36] LEVEL UP: learning 7 → 8
[2026-05-01 23:46:40] xp-gain completed successfully
[2026-05-01 23:46:40] xp-gain called: skill=pattern-recognition gain=1 reason=Auto: commit analysis
[2026-05-01 23:46:40] LEVEL UP: pattern-recognition 9 → 10
[2026-05-01 23:46:44] xp-gain completed successfully
[2026-05-01 23:50:24] xp-gain called: skill=accountability gain=5 reason=Auto-tracked from commit: REBUILD: Content-based leveling v3 - level/max from real skill data
[2026-05-01 23:50:24] LEVEL UP: accountability 2 → 3
[2026-05-01 23:50:28] xp-gain completed successfully
[2026-05-01 23:50:28] xp-gain called: skill=system gain=3 reason=Auto-tracked: scripts updated
[2026-05-01 23:50:28] LEVEL UP: system 13 → 14
[2026-05-01 23:50:32] xp-gain completed successfully
[2026-05-01 23:50:32] xp-gain called: skill=pattern-recognition gain=1 reason=Auto: commit analysis
[2026-05-01 23:50:32] LEVEL UP: pattern-recognition 10 → 11
[2026-05-01 23:50:35] xp-gain completed successfully
[2026-05-01 23:55:06] xp-gain called: skill=accountability gain=5 reason=Auto-tracked from commit: ADD: Data Validation rules to accountability - prevents arbitrary leveling data
[2026-05-01 23:55:07] LEVEL UP: accountability 3 → 4
[2026-05-01 23:55:11] xp-gain completed successfully
[2026-05-01 23:55:11] xp-gain called: skill=pattern-recognition gain=1 reason=Auto: commit analysis
[2026-05-01 23:55:11] LEVEL UP: pattern-recognition 11 → 12
[2026-05-01 23:55:15] xp-gain completed successfully
[2026-05-02 00:39:21] xp-gain called: skill=accountability gain=5 reason=Auto-tracked from commit: FIX: All skills now content-based + expanded cross-pollination
[2026-05-02 00:39:22] LEVEL UP: accountability 6 → 7
[2026-05-02 00:39:27] xp-gain completed successfully
[2026-05-02 00:39:27] xp-gain called: skill=system gain=3 reason=Auto-tracked: scripts updated
[2026-05-02 00:39:27] LEVEL UP: system 6 → 7
[2026-05-02 00:39:31] xp-gain completed successfully
[2026-05-02 00:39:31] xp-gain called: skill=pattern-recognition gain=1 reason=Auto: commit analysis
[2026-05-02 00:39:31] LEVEL UP: pattern-recognition 7 → 8
[2026-05-02 00:39:35] xp-gain completed successfully
[2026-05-02 00:41:40] xp-gain called: skill=automation gain=5 reason=Testing automation cross-pollination
[2026-05-02 00:41:40] LEVEL UP: automation 3 → 4
[2026-05-02 00:41:45] xp-gain completed successfully
[2026-05-02 00:41:59] xp-gain called: skill=accountability gain=5 reason=Auto-tracked from commit: FIX: Cross-pollination now enabled for ALL skills (default to pattern-recognition)
[2026-05-02 00:41:59] LEVEL UP: accountability 7 → 8
[2026-05-02 00:42:03] xp-gain completed successfully
[2026-05-02 00:42:03] xp-gain called: skill=system gain=3 reason=Auto-tracked: scripts updated
[2026-05-02 00:42:03] LEVEL UP: system 7 → 8
[2026-05-02 00:42:06] xp-gain completed successfully
[2026-05-02 00:42:06] xp-gain called: skill=pattern-recognition gain=1 reason=Auto: commit analysis
[2026-05-02 00:42:06] LEVEL UP: pattern-recognition 8 → 9
[2026-05-02 00:42:11] xp-gain completed successfully
[2026-05-02 00:45:23] xp-gain called: skill=web gain=10 reason=Testing full system with web skill
[2026-05-02 00:45:23] LEVEL UP: web 7 → 8
[2026-05-02 00:45:29] xp-gain completed successfully
[2026-05-02 00:46:28] xp-gain called: skill=accountability gain=5 reason=Auto-tracked from commit: ADD: Skill gap analysis script + identify low-content skills
[2026-05-02 00:46:28] LEVEL UP: accountability 8 → 9
[2026-05-02 00:46:35] xp-gain completed successfully
[2026-05-02 00:46:35] xp-gain called: skill=system gain=3 reason=Auto-tracked: scripts updated
[2026-05-02 00:46:35] LEVEL UP: system 8 → 9
[2026-05-02 00:46:43] xp-gain completed successfully
[2026-05-02 00:46:43] xp-gain called: skill=pattern-recognition gain=1 reason=Auto: commit analysis
[2026-05-02 00:46:43] LEVEL UP: pattern-recognition 9 → 10
[2026-05-02 00:46:47] xp-gain completed successfully
[2026-05-02 00:57:40] xp-gain called: skill=accountability gain=5 reason=Auto-tracked from commit: EXPAND: Low-content skills - teaching, automation, drill-runner grown with real content
[2026-05-02 00:57:40] LEVEL UP: accountability 9 → 10
[2026-05-02 00:57:46] xp-gain completed successfully
[2026-05-02 00:57:46] xp-gain called: skill=pattern-recognition gain=1 reason=Auto: commit analysis
[2026-05-02 00:57:46] LEVEL UP: pattern-recognition 10 → 11
[2026-05-02 00:57:51] xp-gain completed successfully
[2026-05-02 01:06:12] xp-gain called: skill=system gain=3 reason=Auto-tracked: scripts updated
[2026-05-02 01:06:12] LEVEL UP: system 9 → 10
[2026-05-02 01:06:17] xp-gain completed successfully
[2026-05-02 01:06:17] xp-gain called: skill=pattern-recognition gain=1 reason=Auto: commit analysis
[2026-05-02 01:06:17] LEVEL UP: pattern-recognition 11 → 12
[2026-05-02 01:06:23] xp-gain completed successfully
[2026-05-02 01:06:58] xp-gain called: skill=accountability gain=5 reason=Auto-tracked from commit: FIX: Validator now precise - fixed corrupted Max Levels
[2026-05-02 01:06:58] LEVEL UP: accountability 10 → 11
[2026-05-02 01:07:03] xp-gain completed successfully
[2026-05-02 01:07:03] xp-gain called: skill=system gain=3 reason=Auto-tracked: scripts updated
[2026-05-02 01:07:03] LEVEL UP: system 10 → 11
[2026-05-02 01:07:09] xp-gain completed successfully
[2026-05-02 01:07:09] xp-gain called: skill=pattern-recognition gain=1 reason=Auto: commit analysis
[2026-05-02 01:07:09] LEVEL UP: pattern-recognition 12 → 13
[2026-05-02 01:07:12] xp-gain completed successfully
[2026-05-02 01:11:00] xp-gain called: skill=system gain=5 reason=Drill: diagnosing system health
[2026-05-02 01:11:00] LEVEL UP: system 11 → 12
[2026-05-02 01:11:06] xp-gain completed successfully
[2026-05-02 01:11:06] xp-gain called: skill=pattern-recognition gain=5 reason=Drill: analyzing patterns
[2026-05-02 01:11:06] LEVEL UP: pattern-recognition 13 → 14
[2026-05-02 01:11:13] xp-gain completed successfully
[2026-05-02 01:11:13] xp-gain called: skill=workflow gain=5 reason=Drill: improving workflow
[2026-05-02 01:11:13] LEVEL UP: workflow 7 → 8
[2026-05-02 01:11:18] xp-gain completed successfully
[2026-05-02 01:11:18] xp-gain called: skill=learning gain=5 reason=Drill: learning from drill
[2026-05-02 01:11:18] LEVEL UP: learning 7 → 8
[2026-05-02 01:11:21] xp-gain completed successfully
[2026-05-02 01:11:21] xp-gain called: skill=system gain=1 reason=drill status check
[2026-05-02 01:11:22] LEVEL UP: system 12 → 13
[2026-05-02 01:11:26] xp-gain completed successfully
[2026-05-02 01:11:45] xp-gain called: skill=system gain=3 reason=Auto-tracked: scripts updated
[2026-05-02 01:11:46] LEVEL UP: system 13 → 14
[2026-05-02 01:11:52] xp-gain completed successfully
[2026-05-02 01:11:53] xp-gain called: skill=pattern-recognition gain=1 reason=Auto: commit analysis
[2026-05-02 01:11:53] LEVEL UP: pattern-recognition 14 → 15
[2026-05-02 01:11:59] xp-gain completed successfully
[2026-05-02 01:22:41] xp-gain called: skill=system gain=3 reason=Drill: diagnosing
[2026-05-02 01:22:41] LEVEL UP: system 14 → 15
[2026-05-02 01:22:48] xp-gain completed successfully
[2026-05-02 01:22:48] xp-gain called: skill=pattern-recognition gain=3 reason=Drill: analyzing
[2026-05-02 01:22:48] LEVEL UP: pattern-recognition 15 → 16
[2026-05-02 01:22:54] xp-gain completed successfully
[2026-05-02 01:22:54] xp-gain called: skill=workflow gain=3 reason=Drill: improving
[2026-05-02 01:22:54] LEVEL UP: workflow 8 → 9
[2026-05-02 01:22:58] xp-gain completed successfully
[2026-05-02 01:23:08] xp-gain called: skill=accountability gain=5 reason=Auto-tracked from commit: ADD: Drill now adds real content - discoveries documented in skills
[2026-05-02 01:23:08] LEVEL UP: accountability 11 → 12
[2026-05-02 01:23:14] xp-gain completed successfully
[2026-05-02 01:23:14] xp-gain called: skill=pattern-recognition gain=1 reason=Auto: commit analysis
[2026-05-02 01:23:14] LEVEL UP: pattern-recognition 16 → 17
[2026-05-02 01:23:21] xp-gain completed successfully
[2026-05-02 01:28:02] xp-gain called: skill=system gain=3 reason=Auto-tracked: scripts updated
[2026-05-02 01:28:02] LEVEL UP: system 15 → 16
[2026-05-02 01:28:06] xp-gain completed successfully
[2026-05-02 01:28:06] xp-gain called: skill=pattern-recognition gain=1 reason=Auto: commit analysis
[2026-05-02 01:28:06] LEVEL UP: pattern-recognition 17 → 18
[2026-05-02 01:28:11] xp-gain completed successfully
[2026-05-02 01:31:53] xp-gain called: skill=system gain=3 reason=Auto-tracked: scripts updated
[2026-05-02 01:31:53] LEVEL UP: system 16 → 17
[2026-05-02 01:32:02] xp-gain completed successfully
[2026-05-02 01:32:02] xp-gain called: skill=pattern-recognition gain=1 reason=Auto: commit analysis
[2026-05-02 01:32:02] LEVEL UP: pattern-recognition 18 → 19
[2026-05-02 01:32:05] xp-gain completed successfully
[2026-05-02 01:35:21] xp-gain called: skill=system gain=5 reason=Chain drill rotation 1: system
[2026-05-02 01:35:21] LEVEL UP: system 17 → 18
[2026-05-02 01:35:28] xp-gain completed successfully
[2026-05-02 01:35:28] xp-gain called: skill=workflow gain=5 reason=Chain drill rotation 1: workflow
[2026-05-02 01:35:28] LEVEL UP: workflow 9 → 10
[2026-05-02 01:35:33] xp-gain completed successfully
[2026-05-02 01:35:33] xp-gain called: skill=learning gain=5 reason=Chain drill rotation 1: learning
[2026-05-02 01:35:33] LEVEL UP: learning 8 → 9
[2026-05-02 01:35:39] xp-gain completed successfully
[2026-05-02 01:35:39] xp-gain called: skill=pattern-recognition gain=5 reason=Chain drill rotation 1: pattern-recognition
[2026-05-02 01:35:39] LEVEL UP: pattern-recognition 19 → 20
[2026-05-02 01:35:45] xp-gain completed successfully
[2026-05-02 01:35:45] xp-gain called: skill=system gain=1 reason=status
[2026-05-02 01:35:45] LEVEL UP: system 18 → 19
[2026-05-02 01:35:48] xp-gain completed successfully
[2026-05-02 01:36:04] xp-gain called: skill=accountability gain=5 reason=Auto-tracked from commit: RUN: Chain drill rotation 1 - verified real content growth
[2026-05-02 01:36:04] LEVEL UP: accountability 12 → 13
[2026-05-02 01:36:09] xp-gain completed successfully
[2026-05-02 01:36:09] xp-gain called: skill=pattern-recognition gain=1 reason=Auto: commit analysis
[2026-05-02 01:36:09] LEVEL UP: pattern-recognition 20 → 21
[2026-05-02 01:36:18] xp-gain completed successfully
[2026-05-02 01:53:34] xp-gain called: skill=control-ui gain=5 reason=Chain drill rotation 2: control-ui
[2026-05-02 01:53:34] LEVEL UP: control-ui 7 → 8
[2026-05-02 01:53:40] xp-gain completed successfully
[2026-05-02 01:53:40] xp-gain called: skill=skill-creator gain=5 reason=Chain drill rotation 2: skill-creator
[2026-05-02 01:53:40] LEVEL UP: skill-creator 7 → 8
[2026-05-02 01:53:49] xp-gain completed successfully
[2026-05-02 01:53:49] xp-gain called: skill=knowledge gain=5 reason=Chain drill rotation 2: knowledge
[2026-05-02 01:53:49] LEVEL UP: knowledge 5 → 6
[2026-05-02 01:53:54] xp-gain completed successfully
[2026-05-02 01:53:54] xp-gain called: skill=memory gain=5 reason=Chain drill rotation 2: memory
[2026-05-02 01:53:54] LEVEL UP: memory 4 → 5
[2026-05-02 01:54:01] xp-gain completed successfully
[2026-05-02 01:54:01] xp-gain called: skill=system gain=1 reason=status
[2026-05-02 01:54:01] LEVEL UP: system 19 → 20
[2026-05-02 01:54:03] xp-gain completed successfully
[2026-05-02 01:54:04] xp-gain called: skill=github gain=5 reason=Chain drill rotation 3: github
[2026-05-02 01:54:04] LEVEL UP: github 7 → 8
[2026-05-02 01:54:07] xp-gain completed successfully
[2026-05-02 01:54:07] xp-gain called: skill=exec gain=5 reason=Chain drill rotation 3: exec
[2026-05-02 01:54:07] LEVEL UP: exec 6 → 7
[2026-05-02 01:54:09] xp-gain completed successfully
[2026-05-02 01:54:09] xp-gain called: skill=web gain=5 reason=Chain drill rotation 3: web
[2026-05-02 01:54:09] LEVEL UP: web 8 → 9
[2026-05-02 01:54:12] xp-gain completed successfully
[2026-05-02 01:54:12] xp-gain called: skill=messaging gain=5 reason=Chain drill rotation 3: messaging
[2026-05-02 01:54:12] LEVEL UP: messaging 6 → 7
[2026-05-02 01:54:15] xp-gain completed successfully
[2026-05-02 01:54:15] xp-gain called: skill=system gain=1 reason=status
[2026-05-02 01:54:15] LEVEL UP: system 20 → 21
[2026-05-02 01:54:18] xp-gain completed successfully
[2026-05-02 01:54:20] xp-gain called: skill=accountability gain=5 reason=Chain drill rotation 4: accountability
[2026-05-02 01:54:20] LEVEL UP: accountability 13 → 14
[2026-05-02 01:54:23] xp-gain completed successfully
[2026-05-02 01:54:23] xp-gain called: skill=security gain=5 reason=Chain drill rotation 4: security
[2026-05-02 01:54:23] LEVEL UP: security 4 → 5
[2026-05-02 01:54:26] xp-gain completed successfully
[2026-05-02 01:54:26] xp-gain called: skill=self-healing gain=5 reason=Chain drill rotation 4: self-healing
[2026-05-02 01:54:27] LEVEL UP: self-healing 7 → 8
[2026-05-02 01:54:30] xp-gain completed successfully
[2026-05-02 01:54:30] xp-gain called: skill=shipwright gain=5 reason=Chain drill rotation 4: shipwright
[2026-05-02 01:54:30] LEVEL UP: shipwright 7 → 8
[2026-05-02 01:54:33] xp-gain completed successfully
[2026-05-02 01:54:33] xp-gain called: skill=system gain=1 reason=status
[2026-05-02 01:54:33] DYNAMIC MAX EXPANDED: system from 21 to 22
[2026-05-02 01:54:37] xp-gain completed successfully
[2026-05-02 01:54:38] xp-gain called: skill=automation gain=5 reason=Chain drill rotation 5: automation
[2026-05-02 01:54:38] LEVEL UP: automation 4 → 5
[2026-05-02 01:54:41] xp-gain completed successfully
[2026-05-02 01:54:41] xp-gain called: skill=drill-runner gain=5 reason=Chain drill rotation 5: drill-runner
[2026-05-02 01:54:42] LEVEL UP: drill-runner 2 → 3
[2026-05-02 01:54:49] xp-gain completed successfully
[2026-05-02 01:54:49] xp-gain called: skill=teaching gain=5 reason=Chain drill rotation 5: teaching
[2026-05-02 01:54:49] LEVEL UP: teaching 2 → 3
[2026-05-02 01:54:52] xp-gain completed successfully
[2026-05-02 01:54:52] xp-gain called: skill=time gain=5 reason=Chain drill rotation 5: time
[2026-05-02 01:54:53] LEVEL UP: time 5 → 6
[2026-05-02 01:54:56] xp-gain completed successfully
[2026-05-02 01:54:56] xp-gain called: skill=system gain=1 reason=status
[2026-05-02 01:54:56] LEVEL UP: system 21 → 22
[2026-05-02 01:55:03] xp-gain completed successfully
[2026-05-02 01:55:04] xp-gain called: skill=dreams gain=5 reason=Chain drill rotation 6: dreams
[2026-05-02 01:55:04] LEVEL UP: dreams 4 → 5
[2026-05-02 01:55:09] xp-gain completed successfully
[2026-05-02 01:55:09] xp-gain called: skill=projects gain=5 reason=Chain drill rotation 6: projects
[2026-05-02 01:55:09] LEVEL UP: projects 7 → 8
[2026-05-02 01:55:12] xp-gain completed successfully
[2026-05-02 01:55:12] xp-gain called: skill=presentation gain=5 reason=Chain drill rotation 6: presentation
[2026-05-02 01:55:12] LEVEL UP: presentation 4 → 5
[2026-05-02 01:55:15] xp-gain completed successfully
[2026-05-02 01:55:15] xp-gain called: skill=reminders gain=5 reason=Chain drill rotation 6: reminders
[2026-05-02 01:55:15] LEVEL UP: reminders 5 → 6
[2026-05-02 01:55:18] xp-gain completed successfully
[2026-05-02 01:55:18] xp-gain called: skill=system gain=1 reason=status
[2026-05-02 01:55:18] DYNAMIC MAX EXPANDED: system from 22 to 23
[2026-05-02 01:55:22] xp-gain completed successfully
[2026-05-02 01:55:23] xp-gain called: skill=crew-protocols gain=5 reason=Chain drill rotation 7: crew-protocols
[2026-05-02 01:55:23] LEVEL UP: crew-protocols 7 → 8
[2026-05-02 01:55:26] xp-gain completed successfully
[2026-05-02 01:55:26] xp-gain called: skill=telegram-crew gain=5 reason=Chain drill rotation 7: telegram-crew
[2026-05-02 01:55:26] LEVEL UP: telegram-crew 4 → 5
[2026-05-02 01:55:29] xp-gain completed successfully
[2026-05-02 01:55:29] xp-gain called: skill=vyse-core gain=5 reason=Chain drill rotation 7: vyse-core
[2026-05-02 01:55:29] LEVEL UP: vyse-core 7 → 8
[2026-05-02 01:55:32] xp-gain completed successfully
[2026-05-02 01:55:32] xp-gain called: skill=system-admin gain=5 reason=Chain drill rotation 7: system-admin
[2026-05-02 01:55:32] LEVEL UP: system-admin 6 → 7
[2026-05-02 01:55:36] xp-gain completed successfully
[2026-05-02 01:55:36] xp-gain called: skill=system gain=1 reason=status
[2026-05-02 01:55:36] LEVEL UP: system 22 → 23
[2026-05-02 01:55:42] xp-gain completed successfully
[2026-05-02 01:55:57] xp-gain called: skill=accountability gain=5 reason=Auto-tracked from commit: RUN: 7 rotations complete - ALL 29 skills have real growth + content
[2026-05-02 01:55:57] LEVEL UP: accountability 14 → 15
[2026-05-02 01:56:05] xp-gain completed successfully
[2026-05-02 01:56:05] xp-gain called: skill=pattern-recognition gain=1 reason=Auto: commit analysis
[2026-05-02 01:56:05] LEVEL UP: pattern-recognition 21 → 22
[2026-05-02 01:56:10] xp-gain completed successfully
[2026-05-02 02:05:00] xp-gain called: skill=system gain=5 reason=Chain drill rotation 8: system
[2026-05-02 02:05:00] DYNAMIC MAX EXPANDED: system from 23 to 24
[2026-05-02 02:05:06] xp-gain completed successfully
[2026-05-02 02:05:06] xp-gain called: skill=workflow gain=5 reason=Chain drill rotation 8: workflow
[2026-05-02 02:05:06] LEVEL UP: workflow 10 → 11
[2026-05-02 02:05:10] xp-gain completed successfully
[2026-05-02 02:05:10] xp-gain called: skill=learning gain=5 reason=Chain drill rotation 8: learning
[2026-05-02 02:05:10] LEVEL UP: learning 9 → 10
[2026-05-02 02:05:16] xp-gain completed successfully
[2026-05-02 02:05:16] xp-gain called: skill=pattern-recognition gain=5 reason=Chain drill rotation 8: pattern-recognition
[2026-05-02 02:05:16] LEVEL UP: pattern-recognition 22 → 23
[2026-05-02 02:05:23] xp-gain completed successfully
[2026-05-02 02:05:23] xp-gain called: skill=system gain=1 reason=status
[2026-05-02 02:05:23] LEVEL UP: system 23 → 24
[2026-05-02 02:05:26] xp-gain completed successfully
[2026-05-02 02:05:26] xp-gain called: skill=system gain=1 reason=check
[2026-05-02 02:05:26] DYNAMIC MAX EXPANDED: system from 24 to 25
[2026-05-02 02:05:29] xp-gain completed successfully
[2026-05-02 02:05:30] xp-gain called: skill=control-ui gain=5 reason=Chain drill rotation 9: control-ui
[2026-05-02 02:05:31] LEVEL UP: control-ui 8 → 9
[2026-05-02 02:05:33] xp-gain completed successfully
[2026-05-02 02:05:33] xp-gain called: skill=skill-creator gain=5 reason=Chain drill rotation 9: skill-creator
[2026-05-02 02:05:33] LEVEL UP: skill-creator 8 → 9
[2026-05-02 02:05:36] xp-gain completed successfully
[2026-05-02 02:05:36] xp-gain called: skill=knowledge gain=5 reason=Chain drill rotation 9: knowledge
[2026-05-02 02:05:36] LEVEL UP: knowledge 6 → 7
[2026-05-02 02:05:39] xp-gain completed successfully
[2026-05-02 02:05:39] xp-gain called: skill=memory gain=5 reason=Chain drill rotation 9: memory
[2026-05-02 02:05:39] LEVEL UP: memory 5 → 6
[2026-05-02 02:05:43] xp-gain completed successfully
[2026-05-02 02:05:43] xp-gain called: skill=system gain=1 reason=status
[2026-05-02 02:05:43] LEVEL UP: system 24 → 25
[2026-05-02 02:05:46] xp-gain completed successfully
[2026-05-02 02:05:46] xp-gain called: skill=system gain=1 reason=check
[2026-05-02 02:05:46] DYNAMIC MAX EXPANDED: system from 25 to 26
[2026-05-02 02:05:49] xp-gain completed successfully
[2026-05-02 02:05:50] xp-gain called: skill=github gain=5 reason=Chain drill rotation 10: github
[2026-05-02 02:05:50] LEVEL UP: github 8 → 9
[2026-05-02 02:05:53] xp-gain completed successfully
[2026-05-02 02:05:53] xp-gain called: skill=exec gain=5 reason=Chain drill rotation 10: exec
[2026-05-02 02:05:53] LEVEL UP: exec 7 → 8
[2026-05-02 02:05:57] xp-gain completed successfully
[2026-05-02 02:05:57] xp-gain called: skill=web gain=5 reason=Chain drill rotation 10: web
[2026-05-02 02:05:57] LEVEL UP: web 9 → 10
[2026-05-02 02:06:00] xp-gain completed successfully
[2026-05-02 02:06:00] xp-gain called: skill=messaging gain=5 reason=Chain drill rotation 10: messaging
[2026-05-02 02:06:01] LEVEL UP: messaging 7 → 8
[2026-05-02 02:06:03] xp-gain completed successfully
[2026-05-02 02:06:03] xp-gain called: skill=system gain=1 reason=status
[2026-05-02 02:06:03] LEVEL UP: system 25 → 26
[2026-05-02 02:06:05] xp-gain completed successfully
[2026-05-02 02:06:05] xp-gain called: skill=system gain=1 reason=check
[2026-05-02 02:06:05] DYNAMIC MAX EXPANDED: system from 26 to 27
[2026-05-02 02:06:07] xp-gain completed successfully
[2026-05-02 02:06:08] xp-gain called: skill=accountability gain=5 reason=Chain drill rotation 11: accountability
[2026-05-02 02:06:09] LEVEL UP: accountability 15 → 16
[2026-05-02 02:06:11] xp-gain completed successfully
[2026-05-02 02:06:11] xp-gain called: skill=security gain=5 reason=Chain drill rotation 11: security
[2026-05-02 02:06:11] LEVEL UP: security 5 → 6
[2026-05-02 02:06:18] xp-gain completed successfully
[2026-05-02 02:06:18] xp-gain called: skill=self-healing gain=5 reason=Chain drill rotation 11: self-healing
[2026-05-02 02:06:18] LEVEL UP: self-healing 8 → 9
[2026-05-02 02:06:25] xp-gain completed successfully
[2026-05-02 02:06:25] xp-gain called: skill=shipwright gain=5 reason=Chain drill rotation 11: shipwright
[2026-05-02 02:06:25] LEVEL UP: shipwright 8 → 9
[2026-05-02 02:06:31] xp-gain completed successfully
[2026-05-02 02:06:31] xp-gain called: skill=system gain=1 reason=status
[2026-05-02 02:06:31] LEVEL UP: system 26 → 27
[2026-05-02 02:06:36] xp-gain completed successfully
[2026-05-02 02:06:36] xp-gain called: skill=system gain=1 reason=check
[2026-05-02 02:06:37] DYNAMIC MAX EXPANDED: system from 27 to 28
[2026-05-02 02:06:43] xp-gain completed successfully
[2026-05-02 02:06:44] xp-gain called: skill=automation gain=5 reason=Chain drill rotation 12: automation
[2026-05-02 02:06:44] LEVEL UP: automation 5 → 6
[2026-05-02 02:06:51] xp-gain completed successfully
[2026-05-02 02:06:51] xp-gain called: skill=drill-runner gain=5 reason=Chain drill rotation 12: drill-runner
[2026-05-02 02:06:51] LEVEL UP: drill-runner 3 → 4
[2026-05-02 02:06:58] xp-gain completed successfully
[2026-05-02 02:06:58] xp-gain called: skill=teaching gain=5 reason=Chain drill rotation 12: teaching
[2026-05-02 02:06:58] LEVEL UP: teaching 3 → 4
[2026-05-02 02:07:06] xp-gain completed successfully
[2026-05-02 02:07:06] xp-gain called: skill=time gain=5 reason=Chain drill rotation 12: time
[2026-05-02 02:07:06] LEVEL UP: time 6 → 7
[2026-05-02 02:07:11] xp-gain completed successfully
[2026-05-02 02:07:11] xp-gain called: skill=system gain=1 reason=status
[2026-05-02 02:07:12] LEVEL UP: system 27 → 28
[2026-05-02 02:07:16] xp-gain completed successfully
[2026-05-02 02:07:16] xp-gain called: skill=system gain=1 reason=check
[2026-05-02 02:07:16] DYNAMIC MAX EXPANDED: system from 28 to 29
[2026-05-02 02:07:19] xp-gain completed successfully
[2026-05-02 02:07:20] xp-gain called: skill=dreams gain=5 reason=Chain drill rotation 13: dreams
[2026-05-02 02:07:20] LEVEL UP: dreams 5 → 6
[2026-05-02 02:07:30] xp-gain completed successfully
[2026-05-02 02:07:30] xp-gain called: skill=projects gain=5 reason=Chain drill rotation 13: projects
[2026-05-02 02:07:31] LEVEL UP: projects 8 → 9
[2026-05-02 02:07:35] xp-gain completed successfully
[2026-05-02 02:07:36] xp-gain called: skill=presentation gain=5 reason=Chain drill rotation 13: presentation
[2026-05-02 02:07:36] LEVEL UP: presentation 5 → 6
[2026-05-02 02:07:39] xp-gain completed successfully
[2026-05-02 02:07:39] xp-gain called: skill=reminders gain=5 reason=Chain drill rotation 13: reminders
[2026-05-02 02:07:39] LEVEL UP: reminders 6 → 7
[2026-05-02 02:07:42] xp-gain completed successfully
[2026-05-02 02:07:42] xp-gain called: skill=system gain=1 reason=status
[2026-05-02 02:07:42] LEVEL UP: system 28 → 29
[2026-05-02 02:07:45] xp-gain completed successfully
[2026-05-02 02:07:45] xp-gain called: skill=system gain=1 reason=check
[2026-05-02 02:07:45] DYNAMIC MAX EXPANDED: system from 29 to 30
[2026-05-02 02:07:49] xp-gain completed successfully
[2026-05-02 02:07:50] xp-gain called: skill=crew-protocols gain=5 reason=Chain drill rotation 14: crew-protocols
[2026-05-02 02:07:50] LEVEL UP: crew-protocols 8 → 9
[2026-05-02 02:07:53] xp-gain completed successfully
[2026-05-02 02:07:53] xp-gain called: skill=telegram-crew gain=5 reason=Chain drill rotation 14: telegram-crew
[2026-05-02 02:07:53] LEVEL UP: telegram-crew 5 → 6
[2026-05-02 02:07:56] xp-gain completed successfully
[2026-05-02 02:07:56] xp-gain called: skill=vyse-core gain=5 reason=Chain drill rotation 14: vyse-core
[2026-05-02 02:07:56] LEVEL UP: vyse-core 8 → 9
[2026-05-02 02:08:00] xp-gain completed successfully
[2026-05-02 02:08:00] xp-gain called: skill=system-admin gain=5 reason=Chain drill rotation 14: system-admin
[2026-05-02 02:08:00] LEVEL UP: system-admin 7 → 8
[2026-05-02 02:08:02] xp-gain completed successfully
[2026-05-02 02:08:02] xp-gain called: skill=system gain=1 reason=status
[2026-05-02 02:08:02] LEVEL UP: system 29 → 30
[2026-05-02 02:08:05] xp-gain completed successfully
[2026-05-02 02:08:05] xp-gain called: skill=system gain=1 reason=check
[2026-05-02 02:08:05] DYNAMIC MAX EXPANDED: system from 30 to 31
[2026-05-02 02:08:07] xp-gain completed successfully
[2026-05-02 02:08:08] xp-gain called: skill=system gain=5 reason=Chain drill rotation 15: system
[2026-05-02 02:08:08] LEVEL UP: system 30 → 31
[2026-05-02 02:08:10] xp-gain completed successfully
[2026-05-02 02:08:10] xp-gain called: skill=workflow gain=5 reason=Chain drill rotation 15: workflow
[2026-05-02 02:08:11] LEVEL UP: workflow 11 → 12
[2026-05-02 02:08:14] xp-gain completed successfully
[2026-05-02 02:08:14] xp-gain called: skill=learning gain=5 reason=Chain drill rotation 15: learning
[2026-05-02 02:08:14] LEVEL UP: learning 10 → 11
[2026-05-02 02:08:17] xp-gain completed successfully
[2026-05-02 02:08:17] xp-gain called: skill=pattern-recognition gain=5 reason=Chain drill rotation 15: pattern-recognition
[2026-05-02 02:08:17] LEVEL UP: pattern-recognition 23 → 24
[2026-05-02 02:08:20] xp-gain completed successfully
[2026-05-02 02:08:20] xp-gain called: skill=system gain=1 reason=status
[2026-05-02 02:08:21] DYNAMIC MAX EXPANDED: system from 31 to 32
[2026-05-02 02:08:24] xp-gain completed successfully
[2026-05-02 02:08:24] xp-gain called: skill=system gain=1 reason=check
[2026-05-02 02:08:24] LEVEL UP: system 31 → 32
[2026-05-02 02:08:27] xp-gain completed successfully
[2026-05-02 02:08:28] xp-gain called: skill=control-ui gain=5 reason=Chain drill rotation 16: control-ui
[2026-05-02 02:08:28] LEVEL UP: control-ui 9 → 10
[2026-05-02 02:08:31] xp-gain completed successfully
[2026-05-02 02:08:31] xp-gain called: skill=skill-creator gain=5 reason=Chain drill rotation 16: skill-creator
[2026-05-02 02:08:32] LEVEL UP: skill-creator 9 → 10
[2026-05-02 02:08:35] xp-gain completed successfully
[2026-05-02 02:08:35] xp-gain called: skill=knowledge gain=5 reason=Chain drill rotation 16: knowledge
[2026-05-02 02:08:35] LEVEL UP: knowledge 7 → 8
[2026-05-02 02:08:39] xp-gain completed successfully
[2026-05-02 02:08:39] xp-gain called: skill=memory gain=5 reason=Chain drill rotation 16: memory
[2026-05-02 02:08:39] LEVEL UP: memory 6 → 7
[2026-05-02 02:08:45] xp-gain completed successfully
[2026-05-02 02:08:45] xp-gain called: skill=system gain=1 reason=status
[2026-05-02 02:08:45] DYNAMIC MAX EXPANDED: system from 32 to 33
[2026-05-02 02:08:49] xp-gain completed successfully
[2026-05-02 02:08:49] xp-gain called: skill=system gain=1 reason=check
[2026-05-02 02:08:49] LEVEL UP: system 32 → 33
[2026-05-02 02:08:53] xp-gain completed successfully
[2026-05-02 02:08:54] xp-gain called: skill=github gain=5 reason=Chain drill rotation 17: github
[2026-05-02 02:08:54] LEVEL UP: github 9 → 10
[2026-05-02 02:08:57] xp-gain completed successfully
[2026-05-02 02:08:57] xp-gain called: skill=exec gain=5 reason=Chain drill rotation 17: exec
[2026-05-02 02:08:57] LEVEL UP: exec 8 → 9
[2026-05-02 02:09:00] xp-gain completed successfully
[2026-05-02 02:09:00] xp-gain called: skill=web gain=5 reason=Chain drill rotation 17: web
[2026-05-02 02:09:01] LEVEL UP: web 10 → 11
[2026-05-02 02:09:04] xp-gain completed successfully
[2026-05-02 02:09:04] xp-gain called: skill=messaging gain=5 reason=Chain drill rotation 17: messaging
[2026-05-02 02:09:04] LEVEL UP: messaging 8 → 9
[2026-05-02 02:09:08] xp-gain completed successfully
[2026-05-02 02:09:08] xp-gain called: skill=system gain=1 reason=status
[2026-05-02 02:09:08] DYNAMIC MAX EXPANDED: system from 33 to 34
[2026-05-02 02:09:11] xp-gain completed successfully
[2026-05-02 02:09:11] xp-gain called: skill=system gain=1 reason=check
[2026-05-02 02:09:11] LEVEL UP: system 33 → 34
[2026-05-02 02:09:18] xp-gain completed successfully
[2026-05-02 02:09:19] xp-gain called: skill=accountability gain=5 reason=Chain drill rotation 18: accountability
[2026-05-02 02:09:19] LEVEL UP: accountability 16 → 17
[2026-05-02 02:09:28] xp-gain completed successfully
[2026-05-02 02:09:28] xp-gain called: skill=security gain=5 reason=Chain drill rotation 18: security
[2026-05-02 02:09:28] LEVEL UP: security 6 → 7
[2026-05-02 02:09:34] xp-gain completed successfully
[2026-05-02 02:09:34] xp-gain called: skill=self-healing gain=5 reason=Chain drill rotation 18: self-healing
[2026-05-02 02:09:34] LEVEL UP: self-healing 9 → 10
[2026-05-02 02:09:37] xp-gain completed successfully
[2026-05-02 02:09:37] xp-gain called: skill=shipwright gain=5 reason=Chain drill rotation 18: shipwright
[2026-05-02 02:09:37] LEVEL UP: shipwright 9 → 10
[2026-05-02 02:09:40] xp-gain completed successfully
[2026-05-02 02:09:40] xp-gain called: skill=system gain=1 reason=status
[2026-05-02 02:09:40] DYNAMIC MAX EXPANDED: system from 34 to 35
[2026-05-02 02:09:44] xp-gain completed successfully
[2026-05-02 02:09:44] xp-gain called: skill=system gain=1 reason=check
[2026-05-02 02:09:44] LEVEL UP: system 34 → 35
[2026-05-02 02:09:47] xp-gain completed successfully
[2026-05-02 02:09:48] xp-gain called: skill=automation gain=5 reason=Chain drill rotation 19: automation
[2026-05-02 02:09:48] LEVEL UP: automation 6 → 7
[2026-05-02 02:09:52] xp-gain completed successfully
[2026-05-02 02:09:52] xp-gain called: skill=drill-runner gain=5 reason=Chain drill rotation 19: drill-runner
[2026-05-02 02:09:52] LEVEL UP: drill-runner 4 → 5
[2026-05-02 02:09:55] xp-gain completed successfully
[2026-05-02 02:09:55] xp-gain called: skill=teaching gain=5 reason=Chain drill rotation 19: teaching
[2026-05-02 02:09:55] LEVEL UP: teaching 4 → 5
[2026-05-02 02:09:58] xp-gain completed successfully
[2026-05-02 02:09:58] xp-gain called: skill=time gain=5 reason=Chain drill rotation 19: time
[2026-05-02 02:09:59] LEVEL UP: time 7 → 8
[2026-05-02 02:10:02] xp-gain completed successfully
[2026-05-02 02:10:02] xp-gain called: skill=system gain=1 reason=status
[2026-05-02 02:10:02] DYNAMIC MAX EXPANDED: system from 35 to 36
[2026-05-02 02:10:04] xp-gain completed successfully
[2026-05-02 02:10:04] xp-gain called: skill=system gain=1 reason=check
[2026-05-02 02:10:04] LEVEL UP: system 35 → 36
[2026-05-02 02:10:06] xp-gain completed successfully
[2026-05-02 02:10:07] xp-gain called: skill=dreams gain=5 reason=Chain drill rotation 20: dreams
[2026-05-02 02:10:08] LEVEL UP: dreams 6 → 7
[2026-05-02 02:10:19] xp-gain completed successfully
[2026-05-02 02:10:19] xp-gain called: skill=projects gain=5 reason=Chain drill rotation 20: projects
[2026-05-02 02:10:19] LEVEL UP: projects 9 → 10
[2026-05-02 02:10:28] xp-gain completed successfully
[2026-05-02 02:10:28] xp-gain called: skill=presentation gain=5 reason=Chain drill rotation 20: presentation
[2026-05-02 02:10:28] LEVEL UP: presentation 6 → 7
[2026-05-02 02:10:31] xp-gain completed successfully
[2026-05-02 02:10:31] xp-gain called: skill=reminders gain=5 reason=Chain drill rotation 20: reminders
[2026-05-02 02:10:31] LEVEL UP: reminders 7 → 8
[2026-05-02 02:10:34] xp-gain completed successfully
[2026-05-02 02:10:34] xp-gain called: skill=system gain=1 reason=status
[2026-05-02 02:10:35] DYNAMIC MAX EXPANDED: system from 36 to 37
[2026-05-02 02:10:38] xp-gain completed successfully
[2026-05-02 02:10:38] xp-gain called: skill=system gain=1 reason=check
[2026-05-02 02:10:38] LEVEL UP: system 36 → 37
[2026-05-02 02:10:42] xp-gain completed successfully
[2026-05-02 02:10:43] xp-gain called: skill=crew-protocols gain=5 reason=Chain drill rotation 21: crew-protocols
[2026-05-02 02:10:43] LEVEL UP: crew-protocols 9 → 10
[2026-05-02 02:10:46] xp-gain completed successfully
[2026-05-02 02:10:46] xp-gain called: skill=telegram-crew gain=5 reason=Chain drill rotation 21: telegram-crew
[2026-05-02 02:10:46] LEVEL UP: telegram-crew 6 → 7
[2026-05-02 02:10:49] xp-gain completed successfully
[2026-05-02 02:10:49] xp-gain called: skill=vyse-core gain=5 reason=Chain drill rotation 21: vyse-core
[2026-05-02 02:10:49] LEVEL UP: vyse-core 9 → 10
[2026-05-02 02:10:53] xp-gain completed successfully
[2026-05-02 02:10:53] xp-gain called: skill=system-admin gain=5 reason=Chain drill rotation 21: system-admin
[2026-05-02 02:10:53] LEVEL UP: system-admin 8 → 9
[2026-05-02 02:10:56] xp-gain completed successfully
[2026-05-02 02:10:56] xp-gain called: skill=system gain=1 reason=status
[2026-05-02 02:10:56] DYNAMIC MAX EXPANDED: system from 37 to 38
[2026-05-02 02:10:59] xp-gain completed successfully
[2026-05-02 02:10:59] xp-gain called: skill=system gain=1 reason=check
[2026-05-02 02:11:00] LEVEL UP: system 37 → 38
[2026-05-02 02:11:03] xp-gain completed successfully
[2026-05-02 02:11:04] xp-gain called: skill=system gain=5 reason=Chain drill rotation 22: system
[2026-05-02 02:11:04] DYNAMIC MAX EXPANDED: system from 38 to 39
[2026-05-02 02:11:07] xp-gain completed successfully
[2026-05-02 02:11:07] xp-gain called: skill=workflow gain=5 reason=Chain drill rotation 22: workflow
[2026-05-02 02:11:07] LEVEL UP: workflow 12 → 13
[2026-05-02 02:11:11] xp-gain completed successfully
[2026-05-02 02:11:11] xp-gain called: skill=learning gain=5 reason=Chain drill rotation 22: learning
[2026-05-02 02:11:11] LEVEL UP: learning 11 → 12
[2026-05-02 02:11:15] xp-gain completed successfully
[2026-05-02 02:11:15] xp-gain called: skill=pattern-recognition gain=5 reason=Chain drill rotation 22: pattern-recognition
[2026-05-02 02:11:15] LEVEL UP: pattern-recognition 24 → 25
[2026-05-02 02:11:22] xp-gain completed successfully
[2026-05-02 02:11:22] xp-gain called: skill=system gain=1 reason=status
[2026-05-02 02:11:22] LEVEL UP: system 38 → 39
[2026-05-02 02:11:26] xp-gain completed successfully
[2026-05-02 02:11:26] xp-gain called: skill=system gain=1 reason=check
[2026-05-02 02:11:26] DYNAMIC MAX EXPANDED: system from 39 to 40
[2026-05-02 02:11:34] xp-gain completed successfully
[2026-05-02 02:11:35] xp-gain called: skill=control-ui gain=5 reason=Chain drill rotation 23: control-ui
[2026-05-02 02:11:35] LEVEL UP: control-ui 10 → 11
[2026-05-02 02:11:38] xp-gain completed successfully
[2026-05-02 02:11:38] xp-gain called: skill=skill-creator gain=5 reason=Chain drill rotation 23: skill-creator
[2026-05-02 02:11:38] LEVEL UP: skill-creator 10 → 11
[2026-05-02 02:11:47] xp-gain completed successfully
[2026-05-02 02:11:47] xp-gain called: skill=knowledge gain=5 reason=Chain drill rotation 23: knowledge
[2026-05-02 02:11:47] LEVEL UP: knowledge 8 → 9
[2026-05-02 02:11:54] xp-gain completed successfully
[2026-05-02 02:11:54] xp-gain called: skill=memory gain=5 reason=Chain drill rotation 23: memory
[2026-05-02 02:11:54] LEVEL UP: memory 7 → 8
[2026-05-02 02:12:02] xp-gain completed successfully
[2026-05-02 02:12:02] xp-gain called: skill=system gain=1 reason=status
[2026-05-02 02:12:02] LEVEL UP: system 39 → 40
[2026-05-02 02:12:05] xp-gain completed successfully
[2026-05-02 02:12:05] xp-gain called: skill=system gain=1 reason=check
[2026-05-02 02:12:05] DYNAMIC MAX EXPANDED: system from 40 to 41
[2026-05-02 02:12:07] xp-gain completed successfully
[2026-05-02 02:12:08] xp-gain called: skill=github gain=5 reason=Chain drill rotation 24: github
[2026-05-02 02:12:08] LEVEL UP: github 10 → 11
[2026-05-02 02:12:13] xp-gain completed successfully
[2026-05-02 02:12:13] xp-gain called: skill=exec gain=5 reason=Chain drill rotation 24: exec
[2026-05-02 02:12:13] LEVEL UP: exec 9 → 10
[2026-05-02 02:12:17] xp-gain completed successfully
[2026-05-02 02:12:17] xp-gain called: skill=web gain=5 reason=Chain drill rotation 24: web
[2026-05-02 02:12:17] LEVEL UP: web 11 → 12
[2026-05-02 02:12:24] xp-gain completed successfully
[2026-05-02 02:12:24] xp-gain called: skill=messaging gain=5 reason=Chain drill rotation 24: messaging
[2026-05-02 02:12:24] LEVEL UP: messaging 9 → 10
[2026-05-02 02:12:27] xp-gain completed successfully
[2026-05-02 02:12:27] xp-gain called: skill=system gain=1 reason=status
[2026-05-02 02:12:28] LEVEL UP: system 40 → 41
[2026-05-02 02:12:31] xp-gain completed successfully
[2026-05-02 02:12:31] xp-gain called: skill=system gain=1 reason=check
[2026-05-02 02:12:31] DYNAMIC MAX EXPANDED: system from 41 to 42
[2026-05-02 02:12:34] xp-gain completed successfully
[2026-05-02 02:12:35] xp-gain called: skill=accountability gain=5 reason=Chain drill rotation 25: accountability
[2026-05-02 02:12:36] LEVEL UP: accountability 17 → 18
[2026-05-02 02:12:39] xp-gain completed successfully
[2026-05-02 02:12:39] xp-gain called: skill=security gain=5 reason=Chain drill rotation 25: security
[2026-05-02 02:12:39] LEVEL UP: security 7 → 8
[2026-05-02 02:12:42] xp-gain completed successfully
[2026-05-02 02:12:42] xp-gain called: skill=self-healing gain=5 reason=Chain drill rotation 25: self-healing
[2026-05-02 02:12:42] LEVEL UP: self-healing 10 → 11
[2026-05-02 02:12:45] xp-gain completed successfully
[2026-05-02 02:12:45] xp-gain called: skill=shipwright gain=5 reason=Chain drill rotation 25: shipwright
[2026-05-02 02:12:46] LEVEL UP: shipwright 10 → 11
[2026-05-02 02:12:49] xp-gain completed successfully
[2026-05-02 02:12:49] xp-gain called: skill=system gain=1 reason=status
[2026-05-02 02:12:49] LEVEL UP: system 41 → 42
[2026-05-02 02:12:52] xp-gain completed successfully
[2026-05-02 02:12:52] xp-gain called: skill=system gain=1 reason=check
[2026-05-02 02:12:52] DYNAMIC MAX EXPANDED: system from 42 to 43
[2026-05-02 02:13:01] xp-gain completed successfully
[2026-05-02 02:13:02] xp-gain called: skill=automation gain=5 reason=Chain drill rotation 26: automation
[2026-05-02 02:13:02] LEVEL UP: automation 7 → 8
[2026-05-02 02:13:11] xp-gain completed successfully
[2026-05-02 02:13:11] xp-gain called: skill=drill-runner gain=5 reason=Chain drill rotation 26: drill-runner
[2026-05-02 02:13:11] LEVEL UP: drill-runner 5 → 6
[2026-05-02 02:13:20] xp-gain completed successfully
[2026-05-02 02:13:20] xp-gain called: skill=teaching gain=5 reason=Chain drill rotation 26: teaching
[2026-05-02 02:13:20] LEVEL UP: teaching 5 → 6
[2026-05-02 02:13:23] xp-gain completed successfully
[2026-05-02 02:13:23] xp-gain called: skill=time gain=5 reason=Chain drill rotation 26: time
[2026-05-02 02:13:23] LEVEL UP: time 8 → 9
[2026-05-02 02:13:26] xp-gain completed successfully
[2026-05-02 02:13:26] xp-gain called: skill=system gain=1 reason=status
[2026-05-02 02:13:26] LEVEL UP: system 42 → 43
[2026-05-02 02:13:30] xp-gain completed successfully
[2026-05-02 02:13:30] xp-gain called: skill=system gain=1 reason=check
[2026-05-02 02:13:30] DYNAMIC MAX EXPANDED: system from 43 to 44
[2026-05-02 02:13:33] xp-gain completed successfully
[2026-05-02 02:13:34] xp-gain called: skill=dreams gain=5 reason=Chain drill rotation 27: dreams
[2026-05-02 02:13:34] LEVEL UP: dreams 7 → 8
[2026-05-02 02:13:38] xp-gain completed successfully
[2026-05-02 02:13:38] xp-gain called: skill=projects gain=5 reason=Chain drill rotation 27: projects
[2026-05-02 02:13:39] LEVEL UP: projects 10 → 11
[2026-05-02 02:13:58] xp-gain completed successfully
[2026-05-02 02:13:58] xp-gain called: skill=presentation gain=5 reason=Chain drill rotation 27: presentation
[2026-05-02 02:13:58] LEVEL UP: presentation 7 → 8
[2026-05-02 02:14:07] xp-gain completed successfully
[2026-05-02 02:14:07] xp-gain called: skill=reminders gain=5 reason=Chain drill rotation 27: reminders
[2026-05-02 02:14:07] LEVEL UP: reminders 8 → 9
[2026-05-02 02:14:13] xp-gain completed successfully
[2026-05-02 02:14:13] xp-gain called: skill=system gain=1 reason=status
[2026-05-02 02:14:13] LEVEL UP: system 43 → 44
[2026-05-02 02:14:20] xp-gain completed successfully
[2026-05-02 02:14:20] xp-gain called: skill=system gain=1 reason=check
[2026-05-02 02:14:20] DYNAMIC MAX EXPANDED: system from 44 to 45
[2026-05-02 02:14:31] xp-gain completed successfully
[2026-05-02 02:14:44] xp-gain called: skill=system gain=1 reason=check
[2026-05-02 02:14:44] LEVEL UP: system 44 → 45
[2026-05-02 02:14:55] xp-gain completed successfully
[2026-05-02 02:15:18] xp-gain called: skill=accountability gain=5 reason=Auto-tracked from commit: RUN: 20 more chain drill cycles - system hit MAX (L45/45)
[2026-05-02 02:15:19] LEVEL UP: accountability 18 → 19
[2026-05-02 02:15:28] xp-gain completed successfully
[2026-05-02 02:15:28] xp-gain called: skill=pattern-recognition gain=1 reason=Auto: commit analysis
[2026-05-02 02:15:28] LEVEL UP: pattern-recognition 25 → 26
[2026-05-02 02:15:35] xp-gain completed successfully
[2026-05-02 02:43:36] xp-gain called: skill=system gain=1 reason=test
[2026-05-02 02:43:36] DYNAMIC MAX EXPANDED: system from 45 to 46
[2026-05-02 02:44:51] xp-gain called: skill=pattern-recognition gain=1 reason=Auto: commit analysis
[2026-05-02 02:44:51] LEVEL UP: pattern-recognition 26 → 27
[2026-05-02 02:44:59] xp-gain completed successfully
[2026-05-02 02:54:38] xp-gain called: skill=system gain=1 reason=check
[2026-05-02 02:54:38] LEVEL UP: system 45 → 46
[2026-05-02 02:54:43] xp-gain completed successfully
[2026-05-02 02:55:05] xp-gain called: skill=accountability gain=5 reason=Auto-tracked from commit: FIX: Chain drill now adds unique discoveries per skill
[2026-05-02 02:55:05] LEVEL UP: accountability 19 → 20
[2026-05-02 02:55:10] xp-gain completed successfully
[2026-05-02 02:55:10] xp-gain called: skill=system gain=3 reason=Auto-tracked: scripts updated
[2026-05-02 02:55:10] DYNAMIC MAX EXPANDED: system from 46 to 47
[2026-05-02 02:55:15] xp-gain completed successfully
[2026-05-02 02:55:15] xp-gain called: skill=memory gain=2 reason=Auto-tracked: memory updated
[2026-05-02 02:55:15] LEVEL UP: memory 8 → 9
[2026-05-02 02:55:21] xp-gain completed successfully
[2026-05-02 02:55:21] xp-gain called: skill=pattern-recognition gain=1 reason=Auto: commit analysis
[2026-05-02 02:55:21] LEVEL UP: pattern-recognition 27 → 28
[2026-05-02 02:55:24] xp-gain completed successfully
[2026-05-02 02:58:43] xp-gain called: skill=system gain=1 reason=check
[2026-05-02 02:58:43] LEVEL UP: system 46 → 47
[2026-05-02 02:58:47] xp-gain completed successfully
[2026-05-02 02:59:03] xp-gain called: skill=system gain=1 reason=status
[2026-05-02 02:59:03] DYNAMIC MAX EXPANDED: system from 47 to 48
[2026-05-02 02:59:08] xp-gain completed successfully
[2026-05-02 02:59:19] xp-gain called: skill=pattern-recognition gain=1 reason=check
[2026-05-02 02:59:19] DYNAMIC MAX EXPANDED: pattern-recognition from 28 to 29
[2026-05-02 02:59:22] xp-gain called: skill=system gain=1 reason=check
[2026-05-02 02:59:23] LEVEL UP: system 47 → 48
[2026-05-02 03:07:44] xp-gain called: skill=crew-protocols gain=5 reason=Chain drill: unique discovery about crew-protocols
[2026-05-02 03:07:44] LEVEL UP: crew-protocols 10 → 11
[2026-05-02 03:07:50] xp-gain completed successfully
[2026-05-02 03:07:51] xp-gain called: skill=telegram-crew gain=5 reason=Chain drill: unique discovery about telegram-crew
[2026-05-02 03:07:51] LEVEL UP: telegram-crew 7 → 8
[2026-05-02 03:07:57] xp-gain completed successfully
[2026-05-02 03:07:57] xp-gain called: skill=vyse-core gain=5 reason=Chain drill: unique discovery about vyse-core
[2026-05-02 03:07:57] LEVEL UP: vyse-core 10 → 11
[2026-05-02 03:08:04] xp-gain completed successfully
[2026-05-02 03:08:04] xp-gain called: skill=system-admin gain=5 reason=Chain drill: unique discovery about system-admin
[2026-05-02 03:08:04] LEVEL UP: system-admin 9 → 10
[2026-05-02 03:08:07] xp-gain completed successfully
[2026-05-02 03:08:07] xp-gain called: skill=system gain=1 reason=status
[2026-05-02 03:08:07] DYNAMIC MAX EXPANDED: system from 23 to 24
[2026-05-02 03:08:12] xp-gain completed successfully
[2026-05-02 03:09:02] xp-gain called: skill=accountability gain=5 reason=Auto-tracked from commit: RESET: Levels now content-based
[2026-05-02 03:09:02] DYNAMIC MAX EXPANDED: accountability from 20 to 21
[2026-05-02 03:09:07] xp-gain completed successfully
[2026-05-02 03:09:07] xp-gain called: skill=system gain=3 reason=Auto-tracked: scripts updated
[2026-05-02 03:09:07] DYNAMIC MAX EXPANDED: system from 23 to 24
[2026-05-02 03:09:13] xp-gain completed successfully
[2026-05-02 03:09:13] xp-gain called: skill=memory gain=2 reason=Auto-tracked: memory updated
[2026-05-02 03:09:13] LEVEL UP: memory 15 → 16
[2026-05-02 03:09:20] xp-gain completed successfully
[2026-05-02 03:09:20] xp-gain called: skill=pattern-recognition gain=1 reason=Auto: commit analysis
[2026-05-02 03:09:21] DYNAMIC MAX EXPANDED: pattern-recognition from 31 to 32
[2026-05-02 03:09:26] xp-gain completed successfully
[2026-05-02 03:23:40] xp-gain called: skill=accountability gain=5 reason=Auto-tracked from commit: ADD: Skill guard system (v1.0 - WARN mode)
[2026-05-02 03:23:40] DYNAMIC MAX EXPANDED: accountability from 21 to 22
[2026-05-02 03:23:46] xp-gain completed successfully
[2026-05-02 03:23:46] xp-gain called: skill=system gain=3 reason=Auto-tracked: scripts updated
[2026-05-02 03:23:47] DYNAMIC MAX EXPANDED: system from 24 to 25
[2026-05-02 03:23:52] xp-gain completed successfully
[2026-05-02 03:23:52] xp-gain called: skill=pattern-recognition gain=1 reason=Auto: commit analysis
[2026-05-02 03:23:52] DYNAMIC MAX EXPANDED: pattern-recognition from 32 to 33
[2026-05-02 03:23:55] xp-gain completed successfully
[2026-05-02 03:26:52] xp-gain called: skill=accountability gain=5 reason=Auto-tracked from commit: AUDIT: All 29 skill levels now match content weight
[2026-05-02 03:26:53] DYNAMIC MAX EXPANDED: accountability from 20 to 21
[2026-05-02 03:26:57] xp-gain completed successfully
[2026-05-02 03:26:57] xp-gain called: skill=pattern-recognition gain=1 reason=Auto: commit analysis
[2026-05-02 03:26:57] DYNAMIC MAX EXPANDED: pattern-recognition from 31 to 32
[2026-05-02 03:27:03] xp-gain completed successfully
[2026-05-02 03:30:18] xp-gain called: skill=accountability gain=5 reason=Auto-tracked from commit: FIX: Level > Max for 16 skills
[2026-05-02 03:30:18] DYNAMIC MAX EXPANDED: accountability from 21 to 22
[2026-05-02 03:30:23] xp-gain completed successfully
[2026-05-02 03:30:23] xp-gain called: skill=pattern-recognition gain=1 reason=Auto: commit analysis
[2026-05-02 03:30:24] DYNAMIC MAX EXPANDED: pattern-recognition from 39 to 40
[2026-05-02 03:30:29] xp-gain completed successfully
[2026-05-02 03:52:21] xp-gain called: skill=accountability gain=5 reason=Auto-tracked from commit: REFORM: Skill tier system (RuneScape-style)
[2026-05-02 03:52:22] LEVEL UP: accountability 21 → 22
[2026-05-02 03:52:27] xp-gain completed successfully
[2026-05-02 03:52:27] xp-gain called: skill=system gain=3 reason=Auto-tracked: scripts updated
[2026-05-02 03:52:27] DYNAMIC MAX EXPANDED: system from 24 to 25
[2026-05-02 03:52:33] xp-gain completed successfully
[2026-05-02 03:52:33] xp-gain called: skill=pattern-recognition gain=1 reason=Auto: commit analysis
[2026-05-02 03:52:33] LEVEL UP: pattern-recognition 39 → 40
[2026-05-02 03:52:41] xp-gain completed successfully
[2026-05-02 03:55:00] xp-gain called: skill=accountability gain=5 reason=Auto-tracked from commit: REFORM: Tier system v2 - all 29 skills
[2026-05-02 03:55:00] LEVEL UP: accountability 22 → 23
[2026-05-02 03:55:04] xp-gain completed successfully
[2026-05-02 03:55:04] xp-gain called: skill=system gain=3 reason=Auto-tracked: scripts updated
[2026-05-02 03:55:04] LEVEL UP: system 24 → 25
[2026-05-02 03:55:10] xp-gain completed successfully
[2026-05-02 03:55:10] xp-gain called: skill=pattern-recognition gain=1 reason=Auto: commit analysis
[2026-05-02 03:55:11] LEVEL UP: pattern-recognition 40 → 41
[2026-05-02 03:55:14] xp-gain completed successfully
[2026-05-02 03:56:02] xp-gain called: skill=accountability gain=5 reason=Auto-tracked from commit: FIX: Disable dynamic max override - tiers now fixed
[2026-05-02 03:56:03] LEVEL UP: accountability 21 → 22
[2026-05-02 03:56:06] xp-gain completed successfully
[2026-05-02 03:56:06] xp-gain called: skill=system gain=3 reason=Auto-tracked: scripts updated
[2026-05-02 03:56:06] LEVEL UP: system 25 → 26
[2026-05-02 03:56:10] xp-gain completed successfully
[2026-05-02 03:56:10] xp-gain called: skill=pattern-recognition gain=1 reason=Auto: commit analysis
[2026-05-02 03:56:10] LEVEL UP: pattern-recognition 39 → 40
[2026-05-02 03:56:15] xp-gain completed successfully
[2026-05-02 03:59:32] xp-gain called: skill=system gain=3 reason=Auto-tracked: scripts updated
[2026-05-02 03:59:33] LEVEL UP: system 24 → 25
[2026-05-02 03:59:37] xp-gain completed successfully
[2026-05-02 03:59:37] xp-gain called: skill=pattern-recognition gain=1 reason=Auto: commit analysis
[2026-05-02 03:59:37] LEVEL UP: pattern-recognition 40 → 41
[2026-05-02 03:59:43] xp-gain completed successfully
[2026-05-02 04:02:29] xp-gain called: skill=system gain=1 reason=check
[2026-05-02 04:02:29] LEVEL UP: system 25 → 26
[2026-05-02 04:02:34] xp-gain completed successfully
[2026-05-02 04:12:25] xp-gain called: skill=system gain=5 reason=Chain drill reflection: system
[2026-05-02 04:12:26] LEVEL UP: system 24 → 25
[2026-05-02 04:12:29] xp-gain completed successfully
[2026-05-02 04:12:29] xp-gain called: skill=workflow gain=5 reason=Chain drill reflection: workflow
[2026-05-02 04:12:29] LEVEL UP: workflow 56 → 57
[2026-05-02 04:12:33] xp-gain completed successfully
[2026-05-02 04:12:33] xp-gain called: skill=learning gain=5 reason=Chain drill reflection: learning
[2026-05-02 04:12:33] LEVEL UP: learning 41 → 42
[2026-05-02 04:12:41] xp-gain completed successfully
[2026-05-02 04:12:41] xp-gain called: skill=pattern-recognition gain=5 reason=Chain drill reflection: pattern-recognition
[2026-05-02 04:12:41] LEVEL UP: pattern-recognition 39 → 40
[2026-05-02 04:12:45] xp-gain completed successfully
[2026-05-02 04:12:45] xp-gain called: skill=system gain=1 reason=status
[2026-05-02 04:12:45] LEVEL UP: system 27 → 28
[2026-05-02 04:12:51] xp-gain completed successfully
[2026-05-02 04:13:11] xp-gain called: skill=learning gain=5 reason=Auto-tracked from commit: REFORM: Chain drill now adds MEANINGFUL reflections
[2026-05-02 04:13:11] LEVEL UP: learning 44 → 45
[2026-05-02 04:13:19] xp-gain completed successfully
[2026-05-02 04:13:19] xp-gain called: skill=system gain=3 reason=Auto-tracked: scripts updated
[2026-05-02 04:13:19] LEVEL UP: system 28 → 29
[2026-05-02 04:13:28] xp-gain completed successfully
[2026-05-02 04:13:28] xp-gain called: skill=pattern-recognition gain=1 reason=Auto: commit analysis
[2026-05-02 04:13:28] LEVEL UP: pattern-recognition 42 → 43
[2026-05-02 04:13:33] xp-gain completed successfully
